mode: atomic
github.com/CLIA-Lab/scammer-report/cmd/client.go:47.47,51.17 4 0
github.com/CLIA-Lab/scammer-report/cmd/client.go:54.3,62.23 4 0
github.com/CLIA-Lab/scammer-report/cmd/client.go:65.3,68.17 4 0
github.com/CLIA-Lab/scammer-report/cmd/client.go:71.3,71.45 1 0
github.com/CLIA-Lab/scammer-report/cmd/client.go:51.17,53.4 1 0
github.com/CLIA-Lab/scammer-report/cmd/client.go:62.23,64.4 1 0
github.com/CLIA-Lab/scammer-report/cmd/client.go:68.17,70.4 1 0
github.com/CLIA-Lab/scammer-report/cmd/client.go:75.13,87.2 1 1
github.com/CLIA-Lab/scammer-report/cmd/root.go:42.16,43.42 1 0
github.com/CLIA-Lab/scammer-report/cmd/root.go:43.42,46.3 2 0
github.com/CLIA-Lab/scammer-report/cmd/root.go:49.13,61.2 3 1
github.com/CLIA-Lab/scammer-report/cmd/root.go:64.19,65.19 1 0
github.com/CLIA-Lab/scammer-report/cmd/root.go:81.2,84.45 2 0
github.com/CLIA-Lab/scammer-report/cmd/root.go:65.19,68.3 1 0
github.com/CLIA-Lab/scammer-report/cmd/root.go:68.8,71.17 2 0
github.com/CLIA-Lab/scammer-report/cmd/root.go:77.3,78.41 2 0
github.com/CLIA-Lab/scammer-report/cmd/root.go:71.17,74.4 2 0
github.com/CLIA-Lab/scammer-report/cmd/root.go:84.45,86.3 1 0
github.com/CLIA-Lab/scammer-report/cmd/server.go:50.47,53.17 3 0
github.com/CLIA-Lab/scammer-report/cmd/server.go:56.3,63.47 4 0
github.com/CLIA-Lab/scammer-report/cmd/server.go:53.17,55.4 1 0
github.com/CLIA-Lab/scammer-report/cmd/server.go:63.47,65.4 1 0
github.com/CLIA-Lab/scammer-report/cmd/server.go:70.97,74.16 2 6
github.com/CLIA-Lab/scammer-report/cmd/server.go:79.2,79.27 1 5
github.com/CLIA-Lab/scammer-report/cmd/server.go:84.2,84.36 1 3
github.com/CLIA-Lab/scammer-report/cmd/server.go:89.2,89.42 1 2
github.com/CLIA-Lab/scammer-report/cmd/server.go:94.2,94.39 1 2
github.com/CLIA-Lab/scammer-report/cmd/server.go:99.2,103.17 3 1
github.com/CLIA-Lab/scammer-report/cmd/server.go:74.16,77.3 2 1
github.com/CLIA-Lab/scammer-report/cmd/server.go:79.27,82.3 2 2
github.com/CLIA-Lab/scammer-report/cmd/server.go:84.36,87.3 2 1
github.com/CLIA-Lab/scammer-report/cmd/server.go:89.42,92.3 2 0
github.com/CLIA-Lab/scammer-report/cmd/server.go:94.39,97.3 2 1
github.com/CLIA-Lab/scammer-report/cmd/server.go:106.13,118.2 1 1
